[cloudera@quickstart project]$ hadoop jar ActiveAirlinesUnitedState.jar ActiveAirlinesUnitedState /InputFiles/Project/final_airlines.txt /OutputFiles/ActiveAirlinesUnitedState
20/03/14 17:38:54 INFO client.RMProxy: Connecting to ResourceManager at /0.0.0.0:8032
20/03/14 17:38:55 WARN mapreduce.JobResourceUploader: Hadoop command-line option parsing not performed. Implement the Tool interface and execute your application with ToolRunner to remedy this.
20/03/14 17:38:56 INFO input.FileInputFormat: Total input paths to process : 1
20/03/14 17:38:56 WARN hdfs.DFSClient: Caught exception 
java.lang.InterruptedException
	at java.lang.Object.wait(Native Method)
	at java.lang.Thread.join(Thread.java:1281)
	at java.lang.Thread.join(Thread.java:1355)
	at org.apache.hadoop.hdfs.DFSOutputStream$DataStreamer.closeResponder(DFSOutputStream.java:967)
	at org.apache.hadoop.hdfs.DFSOutputStream$DataStreamer.endBlock(DFSOutputStream.java:705)
	at org.apache.hadoop.hdfs.DFSOutputStream$DataStreamer.run(DFSOutputStream.java:894)
20/03/14 17:38:56 WARN hdfs.DFSClient: Caught exception 
java.lang.InterruptedException
	at java.lang.Object.wait(Native Method)
	at java.lang.Thread.join(Thread.java:1281)
	at java.lang.Thread.join(Thread.java:1355)
	at org.apache.hadoop.hdfs.DFSOutputStream$DataStreamer.closeResponder(DFSOutputStream.java:967)
	at org.apache.hadoop.hdfs.DFSOutputStream$DataStreamer.endBlock(DFSOutputStream.java:705)
	at org.apache.hadoop.hdfs.DFSOutputStream$DataStreamer.run(DFSOutputStream.java:894)
20/03/14 17:38:56 INFO mapreduce.JobSubmitter: number of splits:1
20/03/14 17:38:57 INFO mapreduce.JobSubmitter: Submitting tokens for job: job_1581487397453_0143
20/03/14 17:38:57 INFO impl.YarnClientImpl: Submitted application application_1581487397453_0143
20/03/14 17:38:57 INFO mapreduce.Job: The url to track the job: http://quickstart.cloudera:8088/proxy/application_1581487397453_0143/
20/03/14 17:38:57 INFO mapreduce.Job: Running job: job_1581487397453_0143
20/03/14 17:39:13 INFO mapreduce.Job: Job job_1581487397453_0143 running in uber mode : false
20/03/14 17:39:13 INFO mapreduce.Job:  map 0% reduce 0%
20/03/14 17:39:22 INFO mapreduce.Job:  map 100% reduce 0%
20/03/14 17:39:35 INFO mapreduce.Job:  map 100% reduce 100%
20/03/14 17:39:36 INFO mapreduce.Job: Job job_1581487397453_0143 completed successfully
20/03/14 17:39:36 INFO mapreduce.Job: Counters: 49
	File System Counters
		FILE: Number of bytes read=4710
		FILE: Number of bytes written=297293
		FILE: Number of read operations=0
		FILE: Number of large read operations=0
		FILE: Number of write operations=0
		HDFS: Number of bytes read=316356
		HDFS: Number of bytes written=4422
		HDFS: Number of read operations=6
		HDFS: Number of large read operations=0
		HDFS: Number of write operations=2
	Job Counters 
		Launched map tasks=1
		Launched reduce tasks=1
		Data-local map tasks=1
		Total time spent by all maps in occupied slots (ms)=8098
		Total time spent by all reduces in occupied slots (ms)=10338
		Total time spent by all map tasks (ms)=8098
		Total time spent by all reduce tasks (ms)=10338
		Total vcore-milliseconds taken by all map tasks=8098
		Total vcore-milliseconds taken by all reduce tasks=10338
		Total megabyte-milliseconds taken by all map tasks=8292352
		Total megabyte-milliseconds taken by all reduce tasks=10586112
	Map-Reduce Framework
		Map input records=6048
		Map output records=141
		Map output bytes=4422
		Map output materialized bytes=4710
		Input split bytes=134
		Combine input records=0
		Combine output records=0
		Reduce input groups=1
		Reduce shuffle bytes=4710
		Reduce input records=141
		Reduce output records=141
		Spilled Records=282
		Shuffled Maps =1
		Failed Shuffles=0
		Merged Map outputs=1
		GC time elapsed (ms)=258
		CPU time spent (ms)=2870
		Physical memory (bytes) snapshot=360194048
		Virtual memory (bytes) snapshot=3015290880
		Total committed heap usage (bytes)=226627584
	Shuffle Errors
		BAD_ID=0
		CONNECTION=0
		IO_ERROR=0
		WRONG_LENGTH=0
		WRONG_MAP=0
		WRONG_REDUCE=0
	File Input Format Counters 
		Bytes Read=316222
	File Output Format Counters 
		Bytes Written=4422
