[cloudera@quickstart src]$ hadoop jar AlphabetCount.jar AlphabetCount /InputFiles/word.txt /OutputFiles/AlphabetCount
20/03/14 16:17:58 INFO client.RMProxy: Connecting to ResourceManager at /0.0.0.0:8032
20/03/14 16:17:59 WARN mapreduce.JobResourceUploader: Hadoop command-line option parsing not performed. Implement the Tool interface and execute your application with ToolRunner to remedy this.
20/03/14 16:17:59 INFO input.FileInputFormat: Total input paths to process : 1
20/03/14 16:18:00 WARN hdfs.DFSClient: Caught exception 
java.lang.InterruptedException
	at java.lang.Object.wait(Native Method)
	at java.lang.Thread.join(Thread.java:1281)
	at java.lang.Thread.join(Thread.java:1355)
	at org.apache.hadoop.hdfs.DFSOutputStream$DataStreamer.closeResponder(DFSOutputStream.java:967)
	at org.apache.hadoop.hdfs.DFSOutputStream$DataStreamer.endBlock(DFSOutputStream.java:705)
	at org.apache.hadoop.hdfs.DFSOutputStream$DataStreamer.run(DFSOutputStream.java:894)
20/03/14 16:18:00 WARN hdfs.DFSClient: Caught exception 
java.lang.InterruptedException
	at java.lang.Object.wait(Native Method)
	at java.lang.Thread.join(Thread.java:1281)
	at java.lang.Thread.join(Thread.java:1355)
	at org.apache.hadoop.hdfs.DFSOutputStream$DataStreamer.closeResponder(DFSOutputStream.java:967)
	at org.apache.hadoop.hdfs.DFSOutputStream$DataStreamer.endBlock(DFSOutputStream.java:705)
	at org.apache.hadoop.hdfs.DFSOutputStream$DataStreamer.run(DFSOutputStream.java:894)
20/03/14 16:18:00 INFO mapreduce.JobSubmitter: number of splits:1
20/03/14 16:18:00 INFO mapreduce.JobSubmitter: Submitting tokens for job: job_1581487397453_0137
20/03/14 16:18:01 INFO impl.YarnClientImpl: Submitted application application_1581487397453_0137
20/03/14 16:18:01 INFO mapreduce.Job: The url to track the job: http://quickstart.cloudera:8088/proxy/application_1581487397453_0137/
20/03/14 16:18:01 INFO mapreduce.Job: Running job: job_1581487397453_0137
20/03/14 16:18:16 INFO mapreduce.Job: Job job_1581487397453_0137 running in uber mode : false
20/03/14 16:18:16 INFO mapreduce.Job:  map 0% reduce 0%
20/03/14 16:18:28 INFO mapreduce.Job:  map 100% reduce 0%
20/03/14 16:18:40 INFO mapreduce.Job:  map 100% reduce 100%
20/03/14 16:18:40 INFO mapreduce.Job: Job job_1581487397453_0137 completed successfully
20/03/14 16:18:41 INFO mapreduce.Job: Counters: 49
	File System Counters
		FILE: Number of bytes read=10964
		FILE: Number of bytes written=308859
		FILE: Number of read operations=0
		FILE: Number of large read operations=0
		FILE: Number of write operations=0
		HDFS: Number of bytes read=5518
		HDFS: Number of bytes written=5829
		HDFS: Number of read operations=6
		HDFS: Number of large read operations=0
		HDFS: Number of write operations=2
	Job Counters 
		Launched map tasks=1
		Launched reduce tasks=1
		Data-local map tasks=1
		Total time spent by all maps in occupied slots (ms)=9971
		Total time spent by all reduces in occupied slots (ms)=8763
		Total time spent by all map tasks (ms)=9971
		Total time spent by all reduce tasks (ms)=8763
		Total vcore-milliseconds taken by all map tasks=9971
		Total vcore-milliseconds taken by all reduce tasks=8763
		Total megabyte-milliseconds taken by all map tasks=10210304
		Total megabyte-milliseconds taken by all reduce tasks=8973312
	Map-Reduce Framework
		Map input records=59
		Map output records=935
		Map output bytes=9088
		Map output materialized bytes=10964
		Input split bytes=116
		Combine input records=0
		Combine output records=0
		Reduce input groups=14
		Reduce shuffle bytes=10964
		Reduce input records=935
		Reduce output records=14
		Spilled Records=1870
		Shuffled Maps =1
		Failed Shuffles=0
		Merged Map outputs=1
		GC time elapsed (ms)=271
		CPU time spent (ms)=2700
		Physical memory (bytes) snapshot=363884544
		Virtual memory (bytes) snapshot=3015168000
		Total committed heap usage (bytes)=226627584
	Shuffle Errors
		BAD_ID=0
		CONNECTION=0
		IO_ERROR=0
		WRONG_LENGTH=0
		WRONG_MAP=0
		WRONG_REDUCE=0
	File Input Format Counters 
		Bytes Read=5402
	File Output Format Counters 
		Bytes Written=5829
[cloudera@quickstart src]$ hdfs dfs -ls /OutputFiles/AlphabetCount
Found 2 items
-rw-r--r--   1 cloudera supergroup          0 2020-03-14 16:18 /OutputFiles/AlphabetCount/_SUCCESS
-rw-r--r--   1 cloudera supergroup       5829 2020-03-14 16:18 /OutputFiles/AlphabetCount/part-r-00000
[cloudera@quickstart src]$ hdfs dfs -cat /OutputFiles/AlphabetCount/part-r-00000 | head -2
1	The same size list of word is:  a a a a a a a a a a a a a a a I a a a a
2	The same size list of word is:  In he of He (a to in he he an no be to "I In an be to to he up no he He of by My of to he he in he to it he 2, he of of He on He go he is in to to in is to to to of of he he to in He He in in in as by be of He an he by to to he in he in is he of of to He he by up he to in is to on of to to to in am of as to as He by as of in to to of by He up of by by in an by He of on of by he in 78 He to he is of of an at in As is as in he if in do to he of if He in to In he an is he an he to he he as be to
