[cloudera@quickstart src]$ hadoop jar WordCount.jar WordCount /InputFiles/word.txt /OutputFiles/WordCount
20/03/14 16:12:08 INFO client.RMProxy: Connecting to ResourceManager at /0.0.0.0:8032
20/03/14 16:12:08 WARN mapreduce.JobResourceUploader: Hadoop command-line option parsing not performed. Implement the Tool interface and execute your application with ToolRunner to remedy this.
20/03/14 16:12:09 INFO input.FileInputFormat: Total input paths to process : 1
20/03/14 16:12:09 WARN hdfs.DFSClient: Caught exception 
java.lang.InterruptedException
	at java.lang.Object.wait(Native Method)
	at java.lang.Thread.join(Thread.java:1281)
	at java.lang.Thread.join(Thread.java:1355)
	at org.apache.hadoop.hdfs.DFSOutputStream$DataStreamer.closeResponder(DFSOutputStream.java:967)
	at org.apache.hadoop.hdfs.DFSOutputStream$DataStreamer.endBlock(DFSOutputStream.java:705)
	at org.apache.hadoop.hdfs.DFSOutputStream$DataStreamer.run(DFSOutputStream.java:894)
20/03/14 16:12:09 WARN hdfs.DFSClient: Caught exception 
java.lang.InterruptedException
	at java.lang.Object.wait(Native Method)
	at java.lang.Thread.join(Thread.java:1281)
	at java.lang.Thread.join(Thread.java:1355)
	at org.apache.hadoop.hdfs.DFSOutputStream$DataStreamer.closeResponder(DFSOutputStream.java:967)
	at org.apache.hadoop.hdfs.DFSOutputStream$DataStreamer.endBlock(DFSOutputStream.java:705)
	at org.apache.hadoop.hdfs.DFSOutputStream$DataStreamer.run(DFSOutputStream.java:894)
20/03/14 16:12:09 INFO mapreduce.JobSubmitter: number of splits:1
20/03/14 16:12:09 INFO mapreduce.JobSubmitter: Submitting tokens for job: job_1581487397453_0136
20/03/14 16:12:10 INFO impl.YarnClientImpl: Submitted application application_1581487397453_0136
20/03/14 16:12:10 INFO mapreduce.Job: The url to track the job: http://quickstart.cloudera:8088/proxy/application_1581487397453_0136/
20/03/14 16:12:10 INFO mapreduce.Job: Running job: job_1581487397453_0136
20/03/14 16:12:23 INFO mapreduce.Job: Job job_1581487397453_0136 running in uber mode : false
20/03/14 16:12:23 INFO mapreduce.Job:  map 0% reduce 0%
20/03/14 16:12:34 INFO mapreduce.Job:  map 100% reduce 0%
20/03/14 16:12:49 INFO mapreduce.Job:  map 100% reduce 100%
20/03/14 16:12:49 INFO mapreduce.Job: Job job_1581487397453_0136 completed successfully
20/03/14 16:12:49 INFO mapreduce.Job: Counters: 49
	File System Counters
		FILE: Number of bytes read=10964
		FILE: Number of bytes written=308843
		FILE: Number of read operations=0
		FILE: Number of large read operations=0
		FILE: Number of write operations=0
		HDFS: Number of bytes read=5518
		HDFS: Number of bytes written=3774
		HDFS: Number of read operations=6
		HDFS: Number of large read operations=0
		HDFS: Number of write operations=2
	Job Counters 
		Launched map tasks=1
		Launched reduce tasks=1
		Data-local map tasks=1
		Total time spent by all maps in occupied slots (ms)=8347
		Total time spent by all reduces in occupied slots (ms)=11040
		Total time spent by all map tasks (ms)=8347
		Total time spent by all reduce tasks (ms)=11040
		Total vcore-milliseconds taken by all map tasks=8347
		Total vcore-milliseconds taken by all reduce tasks=11040
		Total megabyte-milliseconds taken by all map tasks=8547328
		Total megabyte-milliseconds taken by all reduce tasks=11304960
	Map-Reduce Framework
		Map input records=59
		Map output records=935
		Map output bytes=9088
		Map output materialized bytes=10964
		Input split bytes=116
		Combine input records=0
		Combine output records=0
		Reduce input groups=417
		Reduce shuffle bytes=10964
		Reduce input records=935
		Reduce output records=417
		Spilled Records=1870
		Shuffled Maps =1
		Failed Shuffles=0
		Merged Map outputs=1
		GC time elapsed (ms)=255
		CPU time spent (ms)=2680
		Physical memory (bytes) snapshot=364089344
		Virtual memory (bytes) snapshot=3016032256
		Total committed heap usage (bytes)=226627584
	Shuffle Errors
		BAD_ID=0
		CONNECTION=0
		IO_ERROR=0
		WRONG_LENGTH=0
		WRONG_MAP=0
		WRONG_REDUCE=0
	File Input Format Counters 
		Bytes Read=5402
	File Output Format Counters 
		Bytes Written=3774
[cloudera@quickstart src]$ hdfs dfs -ls /OutputFiles/WordCount/
Found 2 items
-rw-r--r--   1 cloudera supergroup          0 2020-03-14 16:12 /OutputFiles/WordCount/_SUCCESS
-rw-r--r--   1 cloudera supergroup       3774 2020-03-14 16:12 /OutputFiles/WordCount/part-r-00000
[cloudera@quickstart src]$ hdfs dfs -cat /OutputFiles/WordCount/part-r-00000 | head -30
"Great	1
"I	1
(a	1
(cotton).	1
(pg	1
112).	1
1869	1
1888,	1
1893,	1
1947	1
1948.	1
2,	1
30,	1
78	1
Africa	1
Africans.	1
As	1
Back	1
Because	1
Bravery	1
British	4
British,	1
Dandi	3
Even	1
Experiments	1
For	1
Gandhi	21
Gandhi's	1
Gandhi,	4
Gandhi.	3
