[cloudera@quickstart project]$ hadoop jar AirlineZeroStop.jar AirlineZeroStop /InputFiles/Project/final_airlines.txt /InputFiles/Project/routes.txt /OutputFiles/AirlineZeroStop
20/03/14 17:08:40 INFO client.RMProxy: Connecting to ResourceManager at /0.0.0.0:8032
20/03/14 17:08:41 WARN mapreduce.JobResourceUploader: Hadoop command-line option parsing not performed. Implement the Tool interface and execute your application with ToolRunner to remedy this.
20/03/14 17:08:41 INFO input.FileInputFormat: Total input paths to process : 1
20/03/14 17:08:41 INFO input.FileInputFormat: Total input paths to process : 1
20/03/14 17:08:41 WARN hdfs.DFSClient: Caught exception 
java.lang.InterruptedException
	at java.lang.Object.wait(Native Method)
	at java.lang.Thread.join(Thread.java:1281)
	at java.lang.Thread.join(Thread.java:1355)
	at org.apache.hadoop.hdfs.DFSOutputStream$DataStreamer.closeResponder(DFSOutputStream.java:967)
	at org.apache.hadoop.hdfs.DFSOutputStream$DataStreamer.endBlock(DFSOutputStream.java:705)
	at org.apache.hadoop.hdfs.DFSOutputStream$DataStreamer.run(DFSOutputStream.java:894)
20/03/14 17:08:41 INFO mapreduce.JobSubmitter: number of splits:2
20/03/14 17:08:42 INFO mapreduce.JobSubmitter: Submitting tokens for job: job_1581487397453_0138
20/03/14 17:08:42 INFO impl.YarnClientImpl: Submitted application application_1581487397453_0138
20/03/14 17:08:42 INFO mapreduce.Job: The url to track the job: http://quickstart.cloudera:8088/proxy/application_1581487397453_0138/
20/03/14 17:08:42 INFO mapreduce.Job: Running job: job_1581487397453_0138
20/03/14 17:08:57 INFO mapreduce.Job: Job job_1581487397453_0138 running in uber mode : false
20/03/14 17:08:57 INFO mapreduce.Job:  map 0% reduce 0%
20/03/14 17:09:20 INFO mapreduce.Job:  map 50% reduce 0%
20/03/14 17:09:21 INFO mapreduce.Job:  map 100% reduce 0%
20/03/14 17:09:35 INFO mapreduce.Job:  map 100% reduce 100%
20/03/14 17:09:36 INFO mapreduce.Job: Job job_1581487397453_0138 completed successfully
20/03/14 17:09:36 INFO mapreduce.Job: Counters: 50
	File System Counters
		FILE: Number of bytes read=681889
		FILE: Number of bytes written=1796848
		FILE: Number of read operations=0
		FILE: Number of large read operations=0
		FILE: Number of write operations=0
		HDFS: Number of bytes read=2624594
		HDFS: Number of bytes written=2857
		HDFS: Number of read operations=9
		HDFS: Number of large read operations=0
		HDFS: Number of write operations=2
	Job Counters 
		Killed map tasks=1
		Launched map tasks=2
		Launched reduce tasks=1
		Data-local map tasks=2
		Total time spent by all maps in occupied slots (ms)=44163
		Total time spent by all reduces in occupied slots (ms)=12446
		Total time spent by all map tasks (ms)=44163
		Total time spent by all reduce tasks (ms)=12446
		Total vcore-milliseconds taken by all map tasks=44163
		Total vcore-milliseconds taken by all reduce tasks=12446
		Total megabyte-milliseconds taken by all map tasks=45222912
		Total megabyte-milliseconds taken by all reduce tasks=12744704
	Map-Reduce Framework
		Map input records=73711
		Map output records=73021
		Map output bytes=535841
		Map output materialized bytes=681895
		Input split bytes=530
		Combine input records=0
		Combine output records=0
		Reduce input groups=6047
		Reduce shuffle bytes=681895
		Reduce input records=73021
		Reduce output records=59
		Spilled Records=146042
		Shuffled Maps =2
		Failed Shuffles=0
		Merged Map outputs=2
		GC time elapsed (ms)=715
		CPU time spent (ms)=8360
		Physical memory (bytes) snapshot=587190272
		Virtual memory (bytes) snapshot=4519444480
		Total committed heap usage (bytes)=392372224
	Shuffle Errors
		BAD_ID=0
		CONNECTION=0
		IO_ERROR=0
		WRONG_LENGTH=0
		WRONG_MAP=0
		WRONG_REDUCE=0
	File Input Format Counters 
		Bytes Read=0
	File Output Format Counters 
		Bytes Written=2857
