[cloudera@quickstart project]$ hadoop jar AirlineCodeShare.jar AirlineCodeShare /InputFiles/Project/final_airlines.txt /OutputFiles/AirlineCodeShare
20/03/15 11:53:34 INFO client.RMProxy: Connecting to ResourceManager at /0.0.0.0:8032
20/03/15 11:53:35 WARN mapreduce.JobResourceUploader: Hadoop command-line option parsing not performed. Implement the Tool interface and execute your application with ToolRunner to remedy this.
20/03/15 11:53:36 INFO input.FileInputFormat: Total input paths to process : 1
20/03/15 11:53:36 WARN hdfs.DFSClient: Caught exception 
java.lang.InterruptedException
	at java.lang.Object.wait(Native Method)
	at java.lang.Thread.join(Thread.java:1281)
	at java.lang.Thread.join(Thread.java:1355)
	at org.apache.hadoop.hdfs.DFSOutputStream$DataStreamer.closeResponder(DFSOutputStream.java:967)
	at org.apache.hadoop.hdfs.DFSOutputStream$DataStreamer.endBlock(DFSOutputStream.java:705)
	at org.apache.hadoop.hdfs.DFSOutputStream$DataStreamer.run(DFSOutputStream.java:894)
20/03/15 11:53:36 INFO mapreduce.JobSubmitter: number of splits:1
20/03/15 11:53:37 INFO mapreduce.JobSubmitter: Submitting tokens for job: job_1581487397453_0145
20/03/15 11:53:37 INFO impl.YarnClientImpl: Submitted application application_1581487397453_0145
20/03/15 11:53:38 INFO mapreduce.Job: The url to track the job: http://quickstart.cloudera:8088/proxy/application_1581487397453_0145/
20/03/15 11:53:38 INFO mapreduce.Job: Running job: job_1581487397453_0145
20/03/15 11:53:52 INFO mapreduce.Job: Job job_1581487397453_0145 running in uber mode : false
20/03/15 11:53:52 INFO mapreduce.Job:  map 0% reduce 0%
20/03/15 11:54:11 INFO mapreduce.Job:  map 100% reduce 0%
20/03/15 11:54:23 INFO mapreduce.Job:  map 100% reduce 100%
20/03/15 11:54:24 INFO mapreduce.Job: Job job_1581487397453_0145 completed successfully
20/03/15 11:54:24 INFO mapreduce.Job: Counters: 49
	File System Counters
		FILE: Number of bytes read=2835
		FILE: Number of bytes written=295417
		FILE: Number of read operations=0
		FILE: Number of large read operations=0
		FILE: Number of write operations=0
		HDFS: Number of bytes read=316356
		HDFS: Number of bytes written=2537
		HDFS: Number of read operations=6
		HDFS: Number of large read operations=0
		HDFS: Number of write operations=2
	Job Counters 
		Launched map tasks=1
		Launched reduce tasks=1
		Data-local map tasks=1
		Total time spent by all maps in occupied slots (ms)=15697
		Total time spent by all reduces in occupied slots (ms)=10561
		Total time spent by all map tasks (ms)=15697
		Total time spent by all reduce tasks (ms)=10561
		Total vcore-milliseconds taken by all map tasks=15697
		Total vcore-milliseconds taken by all reduce tasks=10561
		Total megabyte-milliseconds taken by all map tasks=16073728
		Total megabyte-milliseconds taken by all reduce tasks=10814464
	Map-Reduce Framework
		Map input records=6048
		Map output records=146
		Map output bytes=2537
		Map output materialized bytes=2835
		Input split bytes=134
		Combine input records=0
		Combine output records=0
		Reduce input groups=146
		Reduce shuffle bytes=2835
		Reduce input records=146
		Reduce output records=146
		Spilled Records=292
		Shuffled Maps =1
		Failed Shuffles=0
		Merged Map outputs=1
		GC time elapsed (ms)=314
		CPU time spent (ms)=7340
		Physical memory (bytes) snapshot=368316416
		Virtual memory (bytes) snapshot=3015315456
		Total committed heap usage (bytes)=226627584
	Shuffle Errors
		BAD_ID=0
		CONNECTION=0
		IO_ERROR=0
		WRONG_LENGTH=0
		WRONG_MAP=0
		WRONG_REDUCE=0
	File Input Format Counters 
		Bytes Read=316222
	File Output Format Counters 
		Bytes Written=2537
