[cloudera@quickstart project]$ hadoop jar MaxAirportsCountry.jar MaxAirportsCountry /InputFiles/Project/airports_mod.txt /OutputFiles/MaxAirportsCountry
20/03/14 17:28:44 INFO client.RMProxy: Connecting to ResourceManager at /0.0.0.0:8032
20/03/14 17:28:44 WARN mapreduce.JobResourceUploader: Hadoop command-line option parsing not performed. Implement the Tool interface and execute your application with ToolRunner to remedy this.
20/03/14 17:28:45 INFO input.FileInputFormat: Total input paths to process : 1
20/03/14 17:28:45 WARN hdfs.DFSClient: Caught exception 
java.lang.InterruptedException
	at java.lang.Object.wait(Native Method)
	at java.lang.Thread.join(Thread.java:1281)
	at java.lang.Thread.join(Thread.java:1355)
	at org.apache.hadoop.hdfs.DFSOutputStream$DataStreamer.closeResponder(DFSOutputStream.java:967)
	at org.apache.hadoop.hdfs.DFSOutputStream$DataStreamer.endBlock(DFSOutputStream.java:705)
	at org.apache.hadoop.hdfs.DFSOutputStream$DataStreamer.run(DFSOutputStream.java:894)
20/03/14 17:28:45 WARN hdfs.DFSClient: Caught exception 
java.lang.InterruptedException
	at java.lang.Object.wait(Native Method)
	at java.lang.Thread.join(Thread.java:1281)
	at java.lang.Thread.join(Thread.java:1355)
	at org.apache.hadoop.hdfs.DFSOutputStream$DataStreamer.closeResponder(DFSOutputStream.java:967)
	at org.apache.hadoop.hdfs.DFSOutputStream$DataStreamer.endBlock(DFSOutputStream.java:705)
	at org.apache.hadoop.hdfs.DFSOutputStream$DataStreamer.run(DFSOutputStream.java:894)
20/03/14 17:28:45 INFO mapreduce.JobSubmitter: number of splits:1
20/03/14 17:28:46 INFO mapreduce.JobSubmitter: Submitting tokens for job: job_1581487397453_0141
20/03/14 17:28:46 INFO impl.YarnClientImpl: Submitted application application_1581487397453_0141
20/03/14 17:28:46 INFO mapreduce.Job: The url to track the job: http://quickstart.cloudera:8088/proxy/application_1581487397453_0141/
20/03/14 17:28:46 INFO mapreduce.Job: Running job: job_1581487397453_0141
20/03/14 17:29:01 INFO mapreduce.Job: Job job_1581487397453_0141 running in uber mode : false
20/03/14 17:29:01 INFO mapreduce.Job:  map 0% reduce 0%
20/03/14 17:29:12 INFO mapreduce.Job:  map 100% reduce 0%
20/03/14 17:29:25 INFO mapreduce.Job:  map 100% reduce 100%
20/03/14 17:29:26 INFO mapreduce.Job: Job job_1581487397453_0141 completed successfully
20/03/14 17:29:26 INFO mapreduce.Job: Counters: 49
	File System Counters
		FILE: Number of bytes read=26
		FILE: Number of bytes written=288201
		FILE: Number of read operations=0
		FILE: Number of large read operations=0
		FILE: Number of write operations=0
		HDFS: Number of bytes read=739647
		HDFS: Number of bytes written=19
		HDFS: Number of read operations=6
		HDFS: Number of large read operations=0
		HDFS: Number of write operations=2
	Job Counters 
		Launched map tasks=1
		Launched reduce tasks=1
		Data-local map tasks=1
		Total time spent by all maps in occupied slots (ms)=9914
		Total time spent by all reduces in occupied slots (ms)=9215
		Total time spent by all map tasks (ms)=9914
		Total time spent by all reduce tasks (ms)=9215
		Total vcore-milliseconds taken by all map tasks=9914
		Total vcore-milliseconds taken by all reduce tasks=9215
		Total megabyte-milliseconds taken by all map tasks=10151936
		Total megabyte-milliseconds taken by all reduce tasks=9436160
	Map-Reduce Framework
		Map input records=8107
		Map output records=8107
		Map output bytes=112706
		Map output materialized bytes=26
		Input split bytes=132
		Combine input records=8107
		Combine output records=1
		Reduce input groups=1
		Reduce shuffle bytes=26
		Reduce input records=1
		Reduce output records=1
		Spilled Records=2
		Shuffled Maps =1
		Failed Shuffles=0
		Merged Map outputs=1
		GC time elapsed (ms)=241
		CPU time spent (ms)=3260
		Physical memory (bytes) snapshot=366686208
		Virtual memory (bytes) snapshot=3015323648
		Total committed heap usage (bytes)=226627584
	Shuffle Errors
		BAD_ID=0
		CONNECTION=0
		IO_ERROR=0
		WRONG_LENGTH=0
		WRONG_MAP=0
		WRONG_REDUCE=0
	File Input Format Counters 
		Bytes Read=739515
	File Output Format Counters 
		Bytes Written=19
